<?xml version="1.0" encoding="UTF-8"?>
<testsuite name="model.FieldTest" tests="5" skipped="0" failures="0" errors="0" timestamp="2021-09-18T14:17:47" hostname="DESKTOP-NM6Q60H" time="0.029">
  <properties/>
  <testcase name="angleFive()" classname="model.FieldTest" time="0.023"/>
  <testcase name="ifRemoved()" classname="model.FieldTest" time="0.001"/>
  <testcase name="straightThree()" classname="model.FieldTest" time="0.0"/>
  <testcase name="straightFive()" classname="model.FieldTest" time="0.001"/>
  <testcase name="straightFour()" classname="model.FieldTest" time="0.0"/>
  <system-out><![CDATA[TDSSDTSSX TSXXTSSOS XODDSDD   SDDXTTSSXXTOSTXOSSTOSOXXSSDOXOSDODOTSSTSXTXXTTSTODDXSOSSDDXSDXTSTSSOSD
XDXSDOTOTTOSTODXOSTXOTXSTSXXOTDSSDXTSXDOODSTSOXSSTXOOTOOXTSXXSTSSTSODTSTSODODXSOXODOSTTXSXOSOSTOTDOD
]]></system-out>
  <system-err><![CDATA[]]></system-err>
</testsuite>
